#
# A fatal error has been detected by the Java Runtime Environment:
#
#  EXCEPTION_ACCESS_VIOLATION (0xc0000005) at pc=0x00007ff900285bfa, pid=12264, tid=25388
#
# JRE version: OpenJDK Runtime Environment (15.0.2+7) (build 15.0.2+7-27)
# Java VM: OpenJDK 64-Bit Server VM (15.0.2+7-27, mixed mode, sharing, tiered, compressed oops, g1 gc, windows-amd64)
# Problematic frame:
# C  [skiko-windows-x64.dll+0x175bfa]
#
# No core dump will be written. Minidumps are not enabled by default on client versions of Windows
#
# If you would like to submit a bug report, please visit:
#   https://bugreport.java.com/bugreport/crash.jsp
# The crash happened outside the Java Virtual Machine in native code.
# See problematic frame for where to report the bug.
#

---------------  S U M M A R Y ------------

Command Line: -Dcompose.application.configure.swing.globals=true -Dcompose.application.resources.dir=C:\Users\Ananiya\IdeaProjects\ProjectProfiler\build\compose\tmp\main\resources -Dfile.encoding=windows-1252 -Duser.country=US -Duser.language=en -Duser.variant MainKt

Host: Intel(R) Core(TM) i5-8250U CPU @ 1.60GHz, 8 cores, 7G,  Windows 10 , 64 bit Build 22000 (10.0.22000.708)
Time: Sat Sep 17 16:11:06 2022 E. Africa Standard Time elapsed time: 4.142169 seconds (0d 0h 0m 4s)

---------------  T H R E A D  ---------------

Current thread (0x000002a3c0f1b9a0):  JavaThread "AWT-EventQueue-0" [_thread_in_native, id=25388, stack(0x000000aff4e00000,0x000000aff4f00000)]

Stack: [0x000000aff4e00000,0x000000aff4f00000],  sp=0x000000aff4efc6a8,  free space=1009k
Native frames: (J=compiled Java code, j=interpreted, Vv=VM code, C=native code)
C  [skiko-windows-x64.dll+0x175bfa]

Java frames: (J=compiled Java code, j=interpreted, Vv=VM code)
j  org.jetbrains.skia.CanvasKt._nSave(J)I+0
j  org.jetbrains.skia.CanvasKt.access$_nSave(J)I+1
j  org.jetbrains.skia.Canvas.save()I+11
j  androidx.compose.ui.graphics.SkiaBackedCanvas.save()V+4
j  androidx.compose.ui.platform.SkiaLayer.drawLayer(Landroidx/compose/ui/graphics/Canvas;)V+58
j  androidx.compose.ui.node.LayoutNodeWrapper.draw(Landroidx/compose/ui/graphics/Canvas;)V+18
j  androidx.compose.ui.node.LayoutNode.draw$ui(Landroidx/compose/ui/graphics/Canvas;)V+12
j  androidx.compose.ui.node.InnerPlaceable.performDraw(Landroidx/compose/ui/graphics/Canvas;)V+71
j  androidx.compose.ui.node.LayoutNodeWrapper.drawContainedDrawModifiers(Landroidx/compose/ui/graphics/Canvas;)V+11
j  androidx.compose.ui.node.LayoutNodeWrapper.draw(Landroidx/compose/ui/graphics/Canvas;)V+56
j  androidx.compose.ui.node.DelegatingLayoutNodeWrapper.performDraw(Landroidx/compose/ui/graphics/Canvas;)V+11
j  androidx.compose.ui.node.LayoutNodeWrapper.drawContainedDrawModifiers(Landroidx/compose/ui/graphics/Canvas;)V+11
j  androidx.compose.ui.node.LayoutNodeWrapper.draw(Landroidx/compose/ui/graphics/Canvas;)V+56
j  androidx.compose.ui.node.DelegatingLayoutNodeWrapper.performDraw(Landroidx/compose/ui/graphics/Canvas;)V+11
j  androidx.compose.ui.node.LayoutNodeWrapper.drawContainedDrawModifiers(Landroidx/compose/ui/graphics/Canvas;)V+11
j  androidx.compose.ui.node.LayoutNodeWrapper.draw(Landroidx/compose/ui/graphics/Canvas;)V+56
j  androidx.compose.ui.node.DelegatingLayoutNodeWrapper.performDraw(Landroidx/compose/ui/graphics/Canvas;)V+11
j  androidx.compose.ui.node.LayoutNodeWrapper.drawContainedDrawModifiers(Landroidx/compose/ui/graphics/Canvas;)V+11
j  androidx.compose.ui.node.LayoutNodeWrapper.draw(Landroidx/compose/ui/graphics/Canvas;)V+56
j  androidx.compose.ui.node.DelegatingLayoutNodeWrapper.performDraw(Landroidx/compose/ui/graphics/Canvas;)V+11
j  androidx.compose.ui.node.LayoutNodeWrapper.drawContainedDrawModifiers(Landroidx/compose/ui/graphics/Canvas;)V+11
j  androidx.compose.ui.node.LayoutNodeWrapper.draw(Landroidx/compose/ui/graphics/Canvas;)V+56
j  androidx.compose.ui.node.DelegatingLayoutNodeWrapper.performDraw(Landroidx/compose/ui/graphics/Canvas;)V+11
j  androidx.compose.ui.node.LayoutNodeWrapper.drawContainedDrawModifiers(Landroidx/compose/ui/graphics/Canvas;)V+11
j  androidx.compose.ui.node.LayoutNodeWrapper.draw(Landroidx/compose/ui/graphics/Canvas;)V+56
j  androidx.compose.ui.node.DelegatingLayoutNodeWrapper.performDraw(Landroidx/compose/ui/graphics/Canvas;)V+11
j  androidx.compose.ui.node.LayoutNodeWrapper.drawContainedDrawModifiers(Landroidx/compose/ui/graphics/Canvas;)V+11
j  androidx.compose.ui.node.LayoutNodeWrapper.draw(Landroidx/compose/ui/graphics/Canvas;)V+56
j  androidx.compose.ui.node.DelegatingLayoutNodeWrapper.performDraw(Landroidx/compose/ui/graphics/Canvas;)V+11
j  androidx.compose.ui.node.LayoutNodeWrapper.drawContainedDrawModifiers(Landroidx/compose/ui/graphics/Canvas;)V+11
j  androidx.compose.ui.node.LayoutNodeWrapper.draw(Landroidx/compose/ui/graphics/Canvas;)V+56
j  androidx.compose.ui.node.LayoutNode.draw$ui(Landroidx/compose/ui/graphics/Canvas;)V+12
j  androidx.compose.ui.platform.SkiaBasedOwner.draw(Lorg/jetbrains/skia/Canvas;)V+15
j  androidx.compose.ui.ComposeScene.render(Lorg/jetbrains/skia/Canvas;J)V+321
j  androidx.compose.ui.awt.ComposeLayer$1$onRender$1.invoke()V+15
j  androidx.compose.ui.awt.ComposeLayer$1$onRender$1.invoke()Ljava/lang/Object;+1
j  androidx.compose.ui.awt.ComposeLayer.catchExceptions(Lkotlin/jvm/functions/Function0;)V+2
j  androidx.compose.ui.awt.ComposeLayer.access$catchExceptions(Landroidx/compose/ui/awt/ComposeLayer;Lkotlin/jvm/functions/Function0;)V+2
j  androidx.compose.ui.awt.ComposeLayer$1.onRender(Lorg/jetbrains/skia/Canvas;IIJ)V+27
j  org.jetbrains.skiko.SkiaLayer.update$skiko(J)V+213
j  org.jetbrains.skiko.redrawer.Direct3DRedrawer.redrawImmediately()V+111
j  org.jetbrains.skiko.SkiaLayer.paint(Ljava/awt/Graphics;)V+85
j  androidx.compose.ui.awt.ComposeLayer$ComponentImpl.paint(Ljava/awt/Graphics;)V+12
j  javax.swing.JComponent.paintChildren(Ljava/awt/Graphics;)V+523 java.desktop@15.0.2
j  javax.swing.JComponent.paint(Ljava/awt/Graphics;)V+318 java.desktop@15.0.2
j  javax.swing.JLayeredPane.paint(Ljava/awt/Graphics;)V+73 java.desktop@15.0.2
j  javax.swing.JComponent.paintChildren(Ljava/awt/Graphics;)V+523 java.desktop@15.0.2
j  javax.swing.JComponent.paint(Ljava/awt/Graphics;)V+318 java.desktop@15.0.2
j  androidx.compose.ui.window.Window_desktopKt$Window$11$1.invoke(Landroidx/compose/ui/awt/ComposeWindow;)V+70
j  androidx.compose.ui.window.Window_desktopKt$Window$11$1.invoke(Ljava/lang/Object;)Ljava/lang/Object;+5
j  androidx.compose.ui.window.AwtWindow_desktopKt$AwtWindow$3.invoke()V+13
j  androidx.compose.ui.window.AwtWindow_desktopKt$AwtWindow$3.invoke()Ljava/lang/Object;+1
j  androidx.compose.ui.util.UpdateEffect_desktopKt$UpdateEffect$2$performUpdate$2.invoke()V+7
j  androidx.compose.ui.util.UpdateEffect_desktopKt$UpdateEffect$2$performUpdate$2.invoke()Ljava/lang/Object;+1
j  androidx.compose.runtime.snapshots.Snapshot$Companion.observe(Lkotlin/jvm/functions/Function1;Lkotlin/jvm/functions/Function1;Lkotlin/jvm/functions/Function0;)Ljava/lang/Object;+106
j  androidx.compose.runtime.snapshots.SnapshotStateObserver.observeReads(Ljava/lang/Object;Lkotlin/jvm/functions/Function1;Lkotlin/jvm/functions/Function0;)V+480
j  androidx.compose.ui.util.UpdateEffect_desktopKt$UpdateEffect$2.invoke$performUpdate(Landroidx/compose/runtime/snapshots/SnapshotStateObserver;Lkotlinx/coroutines/channels/Channel;Landroidx/compose/runtime/State;)V+28
j  androidx.compose.ui.util.UpdateEffect_desktopKt$UpdateEffect$2.invoke(Landroidx/compose/runtime/DisposableEffectScope;)Landroidx/compose/runtime/DisposableEffectResult;+33
j  androidx.compose.ui.util.UpdateEffect_desktopKt$UpdateEffect$2.invoke(Ljava/lang/Object;)Ljava/lang/Object;+5
j  androidx.compose.runtime.DisposableEffectImpl.onRemembered()V+8
j  androidx.compose.runtime.CompositionImpl$RememberEventDispatcher.dispatchRememberObservers()V+170
j  androidx.compose.runtime.CompositionImpl.applyChanges()V+194
j  androidx.compose.runtime.Recomposer.composeInitial$runtime(Landroidx/compose/runtime/ControlledComposition;Lkotlin/jvm/functions/Function2;)V+234
j  androidx.compose.runtime.CompositionImpl.setContent(Lkotlin/jvm/functions/Function2;)V+55
j  androidx.compose.ui.window.Application_desktopKt$awaitApplication$2$1$2.invokeSuspend(Ljava/lang/Object;)Ljava/lang/Object;+89
j  kotlin.coroutines.jvm.internal.BaseContinuationImpl.resumeWith(Ljava/lang/Object;)V+44
j  kotlinx.coroutines.DispatchedTask.run()V+314
j  java.awt.event.InvocationEvent.dispatch()V+47 java.desktop@15.0.2
j  java.awt.EventQueue.dispatchEventImpl(Ljava/awt/AWTEvent;Ljava/lang/Object;)V+21 java.desktop@15.0.2
j  java.awt.EventQueue$4.run()Ljava/lang/Void;+32 java.desktop@15.0.2
j  java.awt.EventQueue$4.run()Ljava/lang/Object;+1 java.desktop@15.0.2
j  java.security.AccessController.executePrivileged(Ljava/security/PrivilegedAction;Ljava/security/AccessControlContext;Ljava/lang/Class;)Ljava/lang/Object;+29 java.base@15.0.2
j  java.security.AccessController.doPrivileged(Ljava/security/PrivilegedAction;Ljava/security/AccessControlContext;)Ljava/lang/Object;+13 java.base@15.0.2
j  java.security.ProtectionDomain$JavaSecurityAccessImpl.doIntersectionPrivilege(Ljava/security/PrivilegedAction;Ljava/security/AccessControlContext;Ljava/security/AccessControlContext;)Ljava/lang/Object;+18 java.base@15.0.2
j  java.awt.EventQueue.dispatchEvent(Ljava/awt/AWTEvent;)V+46 java.desktop@15.0.2
j  java.awt.EventDispatchThread.pumpOneEventForFilters(I)V+78 java.desktop@15.0.2
j  java.awt.EventDispatchThread.pumpEventsForFilter(ILjava/awt/Conditional;Ljava/awt/EventFilter;)V+35 java.desktop@15.0.2
j  java.awt.EventDispatchThread.pumpEventsForHierarchy(ILjava/awt/Conditional;Ljava/awt/Component;)V+11 java.desktop@15.0.2
j  java.awt.EventDispatchThread.pumpEvents(ILjava/awt/Conditional;)V+4 java.desktop@15.0.2
j  java.awt.EventDispatchThread.pumpEvents(Ljava/awt/Conditional;)V+3 java.desktop@15.0.2
j  java.awt.EventDispatchThread.run()V+9 java.desktop@15.0.2
v  ~StubRoutines::call_stub

siginfo: EXCEPTION_ACCESS_VIOLATION (0xc0000005), writing address 0x0000000000000057


Register to memory mapping:

RIP=0x00007ff900285bfa skiko-windows-x64.dll
RAX=0xffffffffffffffff is an unknown value
RBX={method} {0x000002a3c8884db8} '_nSave' '(J)I' in 'org/jetbrains/skia/CanvasKt'
RCX=0x000002a3c2c1eda0 points into unknown readable memory: 0x000002a3c2da0220 | 20 02 da c2 a3 02 00 00
RDX=0x000000aff4efc738 is pointing into the stack for thread: 0x000002a3c0f1b9a0
RSP=0x000000aff4efc6a8 is pointing into the stack for thread: 0x000002a3c0f1b9a0
RBP=0x000000aff4efc728 is pointing into the stack for thread: 0x000002a3c0f1b9a0
RSI=0x000002a3c9d8c6d8 is pointing into metadata
RDI=0x0000000000000148 is an unknown value
R8 =0x000002a3c2c1eda0 points into unknown readable memory: 0x000002a3c2da0220 | 20 02 da c2 a3 02 00 00
R9 =0x000000008a43a738 is an oop: java.lang.Class 
{0x000000008a43a738} - klass: 'java/lang/Class'
R10=0x000002a3a98cf148 is at code_begin+1000 in an Interpreter codelet
method entry point (kind = native)  [0x000002a3a98ced60, 0x000002a3a98cf7e0]  2688 bytes
R11=0x000000008a484588 is an oop: java.lang.Class 
{0x000000008a484588} - klass: 'java/lang/Class'
R12=0x0 is NULL
R13={method} {0x000002a3c8884db8} '_nSave' '(J)I' in 'org/jetbrains/skia/CanvasKt'
R14=0x000000aff4efc750 is pointing into the stack for thread: 0x000002a3c0f1b9a0
R15=0x000002a3c0f1b9a0 is a thread


Registers:
RAX=0xffffffffffffffff, RBX=0x000002a3c8884db0, RCX=0x000002a3c2c1eda0, RDX=0x000000aff4efc738
RSP=0x000000aff4efc6a8, RBP=0x000000aff4efc728, RSI=0x000002a3c9d8c6d8, RDI=0x0000000000000148
R8 =0x000002a3c2c1eda0, R9 =0x000000008a43a738, R10=0x000002a3a98cf148, R11=0x000000008a484588
R12=0x0000000000000000, R13=0x000002a3c8884db0, R14=0x000000aff4efc750, R15=0x000002a3c0f1b9a0
RIP=0x00007ff900285bfa, EFLAGS=0x0000000000010203

Top of Stack: (sp=0x000000aff4efc6a8)
0x000000aff4efc6a8:   000002a3a98cf177 000002a3c01f6048
0x000000aff4efc6b8:   0000000000000000 000000008a1a5130
0x000000aff4efc6c8:   000002a3c01f2dd8 0000000000000000
0x000000aff4efc6d8:   000000aff4efc700 000000aff4efc6e0
0x000000aff4efc6e8:   0000000000000000 000000aff4efc750
0x000000aff4efc6f8:   000002a3c8887488 0000000000000000
0x000000aff4efc708:   000000008a484588 000002a3c8884db0
0x000000aff4efc718:   0000000000000000 000000aff4efc748
0x000000aff4efc728:   000000aff4efc7a0 000002a3a98c9bc0
0x000000aff4efc738:   000000008a484588 000002a3a98cc216
0x000000aff4efc748:   000002a3c2c1eda0 0000000000000000
0x000000aff4efc758:   000000aff4efc758 000002a3c88863d1
0x000000aff4efc768:   000000aff4efc7b8 000002a3c8887488
0x000000aff4efc778:   0000000000000000 000000008a484588
0x000000aff4efc788:   000002a3c88863e8 000000aff4efc748
0x000000aff4efc798:   000000aff4efc7b0 000000aff4efc808 

Instructions: (pc=0x00007ff900285bfa)
0x00007ff900285afa:   b4 00 0f 2f f8 f3 0f 10 35 dd f0 b4 00 77 05 0f
0x00007ff900285b0a:   28 c7 eb 08 0f 2f c6 77 03 0f 28 c6 f3 44 0f 2c
0x00007ff900285b1a:   f0 f3 0f 10 47 08 e8 ed f0 ea ff 0f 2f f8 77 05
0x00007ff900285b2a:   0f 28 c7 eb 08 0f 2f c6 77 03 0f 28 c6 f3 0f 2c
0x00007ff900285b3a:   e8 f3 0f 10 47 04 e8 90 3e e9 ff 0f 2f f8 77 05
0x00007ff900285b4a:   0f 28 c7 eb 08 0f 2f c6 77 03 0f 28 c6 f3 0f 2c
0x00007ff900285b5a:   f0 f3 0f 10 07 e8 71 3e e9 ff 0f 2f f8 77 05 0f
0x00007ff900285b6a:   28 c7 eb 08 0f 2f c6 77 03 0f 28 c6 48 8b 7c 24
0x00007ff900285b7a:   68 0f 28 74 24 30 0f 28 7c 24 20 f3 0f 2c c0 89
0x00007ff900285b8a:   73 04 48 8b 74 24 60 89 6b 08 48 8b 6c 24 58 44
0x00007ff900285b9a:   89 73 0c 89 03 48 8b c3 48 8b 5c 24 50 48 83 c4
0x00007ff900285baa:   40 41 5e c3 cc cc cc cc cc cc cc cc cc cc cc cc
0x00007ff900285bba:   cc cc cc cc cc cc cc cc cc cc cc cc cc cc cc cc
0x00007ff900285bca:   cc cc cc cc cc cc cc cc cc cc cc cc cc cc cc cc
0x00007ff900285bda:   cc cc cc cc cc cc cc cc cc cc cc cc cc cc cc cc
0x00007ff900285bea:   cc cc cc cc cc cc 48 8b 41 40 ff 81 58 0c 00 00
0x00007ff900285bfa:   ff 40 58 8b 81 58 0c 00 00 ff c8 c3 cc cc cc cc
0x00007ff900285c0a:   cc cc cc cc cc cc 48 89 5c 24 18 55 56 57 48 81
0x00007ff900285c1a:   ec 90 00 00 00 48 8b 05 a2 fa d6 00 48 33 c4 48
0x00007ff900285c2a:   89 84 24 80 00 00 00 48 8b 3d b8 85 d7 00 48 8b
0x00007ff900285c3a:   f2 48 8b d9 48 85 ff 75 1f e8 bb 78 e9 ff 48 8b
0x00007ff900285c4a:   c8 48 8d 15 06 fb b4 00 48 8b 00 ff 50 08 48 8b
0x00007ff900285c5a:   f8 48 89 05 8e 85 d7 00 33 ed 48 89 6c 24 50 f6
0x00007ff900285c6a:   07 05 74 57 e8 90 78 e9 ff 40 88 6c 24 48 4c 8b
0x00007ff900285c7a:   c7 48 89 6c 24 40 b2 58 48 89 6c 24 38 48 8b 08
0x00007ff900285c8a:   48 89 6c 24 30 89 6c 24 28 48 89 6c 24 20 48 8d
0x00007ff900285c9a:   2d e1 fa b4 00 4c 8b 51 18 4c 8b cd 48 8b c8 41
0x00007ff900285caa:   ff d2 48 89 44 24 68 48 8d 44 24 58 48 89 44 24
0x00007ff900285cba:   50 48 89 7c 24 58 48 89 6c 24 60 48 8b 4e 08 48
0x00007ff900285cca:   85 c9 74 30 e8 0b 3d ea ff 84 c0 74 27 48 8b 43
0x00007ff900285cda:   40 48 8d 54 24 70 ff 83 58 0c 00 00 0f 57 c0 45
0x00007ff900285cea:   33 c0 48 8b cb 0f 11 44 24 70 ff 40 58 e8 d2 89 


Stack slot to memory mapping:
stack at sp + 0 slots: 0x000002a3a98cf177 is at code_begin+1047 in an Interpreter codelet
method entry point (kind = native)  [0x000002a3a98ced60, 0x000002a3a98cf7e0]  2688 bytes
stack at sp + 1 slots: 0x000002a3c01f6048 is pointing into metadata
stack at sp + 2 slots: 0x0 is NULL
stack at sp + 3 slots: 0x000000008a1a5130 is an oop: java.lang.Class 
{0x000000008a1a5130} - klass: 'java/lang/Class'
stack at sp + 4 slots: {method} {0x000002a3c01f2de0} '<init>' '(JJZ)V' in 'org/jetbrains/skia/impl/Managed'
stack at sp + 5 slots: 0x0 is NULL
stack at sp + 6 slots: 0x000000aff4efc700 is pointing into the stack for thread: 0x000002a3c0f1b9a0
stack at sp + 7 slots: 0x000000aff4efc6e0 is pointing into the stack for thread: 0x000002a3c0f1b9a0


---------------  P R O C E S S  ---------------

Threads class SMR info:
_java_thread_list=0x000002a3c2fff690, length=25, elements={
0x000002a3a1693460, 0x000002a3bfc5fb90, 0x000002a3bfc62280, 0x000002a3bfc7da70,
0x000002a3bfc7df40, 0x000002a3bfc82510, 0x000002a3bfc83e10, 0x000002a3bfc8c900,
0x000002a3bfc95e30, 0x000002a3c06b09b0, 0x000002a3c06d5c40, 0x000002a3c0c2f3f0,
0x000002a3c0c3a930, 0x000002a3c0c3dc90, 0x000002a3c0cfc780, 0x000002a3c0cfcc50,
0x000002a3c0cb4f80, 0x000002a3c0d153c0, 0x000002a3c0d24500, 0x000002a3c0f1b9a0,
0x000002a3c0f1c340, 0x000002a3c0f197f0, 0x000002a3c0f1a660, 0x000002a3c0f18e50,
0x000002a3c0f19cc0
}

Java Threads: ( => current thread )
  0x000002a3a1693460 JavaThread "main" [_thread_blocked, id=22200, stack(0x000000aff3400000,0x000000aff3500000)]
  0x000002a3bfc5fb90 JavaThread "Reference Handler" daemon [_thread_blocked, id=12836, stack(0x000000aff3b00000,0x000000aff3c00000)]
  0x000002a3bfc62280 JavaThread "Finalizer" daemon [_thread_blocked, id=24116, stack(0x000000aff3c00000,0x000000aff3d00000)]
  0x000002a3bfc7da70 JavaThread "Signal Dispatcher" daemon [_thread_blocked, id=22996, stack(0x000000aff3d00000,0x000000aff3e00000)]
  0x000002a3bfc7df40 JavaThread "Attach Listener" daemon [_thread_blocked, id=24752, stack(0x000000aff3e00000,0x000000aff3f00000)]
  0x000002a3bfc82510 JavaThread "Service Thread" daemon [_thread_blocked, id=23724, stack(0x000000aff3f00000,0x000000aff4000000)]
  0x000002a3bfc83e10 JavaThread "C2 CompilerThread0" daemon [_thread_blocked, id=2944, stack(0x000000aff4000000,0x000000aff4100000)]
  0x000002a3bfc8c900 JavaThread "C1 CompilerThread0" daemon [_thread_blocked, id=23680, stack(0x000000aff4100000,0x000000aff4200000)]
  0x000002a3bfc95e30 JavaThread "Sweeper thread" daemon [_thread_blocked, id=5476, stack(0x000000aff4200000,0x000000aff4300000)]
  0x000002a3c06b09b0 JavaThread "Notification Thread" daemon [_thread_blocked, id=21692, stack(0x000000aff4300000,0x000000aff4400000)]
  0x000002a3c06d5c40 JavaThread "Common-Cleaner" daemon [_thread_blocked, id=9572, stack(0x000000aff4500000,0x000000aff4600000)]
  0x000002a3c0c2f3f0 JavaThread "Java2D Disposer" daemon [_thread_blocked, id=18084, stack(0x000000aff4600000,0x000000aff4700000)]
  0x000002a3c0c3a930 JavaThread "AWT-Shutdown" [_thread_blocked, id=27296, stack(0x000000aff4700000,0x000000aff4800000)]
  0x000002a3c0c3dc90 JavaThread "AWT-Windows" daemon [_thread_in_native, id=2180, stack(0x000000aff4800000,0x000000aff4900000)]
  0x000002a3c0cfc780 JavaThread "DefaultDispatcher-worker-1" daemon [_thread_blocked, id=27112, stack(0x000000aff4900000,0x000000aff4a00000)]
  0x000002a3c0cfcc50 JavaThread "DefaultDispatcher-worker-2" daemon [_thread_blocked, id=19748, stack(0x000000aff4a00000,0x000000aff4b00000)]
  0x000002a3c0cb4f80 JavaThread "DefaultDispatcher-worker-3" daemon [_thread_blocked, id=22384, stack(0x000000aff4b00000,0x000000aff4c00000)]
  0x000002a3c0d153c0 JavaThread "Reference Cleaner" daemon [_thread_blocked, id=8380, stack(0x000000aff4c00000,0x000000aff4d00000)]
  0x000002a3c0d24500 JavaThread "kotlinx.coroutines.DefaultExecutor" daemon [_thread_blocked, id=24584, stack(0x000000aff4d00000,0x000000aff4e00000)]
=>0x000002a3c0f1b9a0 JavaThread "AWT-EventQueue-0" [_thread_in_native, id=25388, stack(0x000000aff4e00000,0x000000aff4f00000)]
  0x000002a3c0f1c340 JavaThread "QuantumRenderer-0" daemon [_thread_blocked, id=20848, stack(0x000000aff5400000,0x000000aff5500000)]
  0x000002a3c0f197f0 JavaThread "InvokeLaterDispatcher" daemon [_thread_blocked, id=27744, stack(0x000000aff5500000,0x000000aff5600000)]
  0x000002a3c0f1a660 JavaThread "JavaFX Application Thread" [_thread_in_native, id=27672, stack(0x000000aff5600000,0x000000aff5700000)]
  0x000002a3c0f18e50 JavaThread "Thread-5" daemon [_thread_in_native, id=25120, stack(0x000000aff5a00000,0x000000aff5b00000)]
  0x000002a3c0f19cc0 JavaThread "JNA Cleaner" daemon [_thread_blocked, id=16888, stack(0x000000aff6100000,0x000000aff6200000)]

Other Threads:
  0x000002a3bfc5c300 VMThread "VM Thread" [stack: 0x000000aff3a00000,0x000000aff3b00000] [id=3244]
  0x000002a3c06b4e90 WatcherThread [stack: 0x000000aff4400000,0x000000aff4500000] [id=13056]
  0x000002a3a16d2940 GCTaskThread "GC Thread#0" [stack: 0x000000aff3500000,0x000000aff3600000] [id=25572]
  0x000002a3c0b94690 GCTaskThread "GC Thread#1" [stack: 0x000000aff4f00000,0x000000aff5000000] [id=21800]
  0x000002a3c0b93d00 GCTaskThread "GC Thread#2" [stack: 0x000000aff5000000,0x000000aff5100000] [id=20976]
  0x000002a3c0b93040 GCTaskThread "GC Thread#3" [stack: 0x000000aff5100000,0x000000aff5200000] [id=28260]
  0x000002a3c0b969a0 GCTaskThread "GC Thread#4" [stack: 0x000000aff5200000,0x000000aff5300000] [id=13716]
  0x000002a3c0b96010 GCTaskThread "GC Thread#5" [stack: 0x000000aff5300000,0x000000aff5400000] [id=23340]
  0x000002a3c0b96340 GCTaskThread "GC Thread#6" [stack: 0x000000aff5f00000,0x000000aff6000000] [id=18564]
  0x000002a3c0b96670 GCTaskThread "GC Thread#7" [stack: 0x000000aff6000000,0x000000aff6100000] [id=15536]
  0x000002a3a16e3940 ConcurrentGCThread "G1 Main Marker" [stack: 0x000000aff3600000,0x000000aff3700000] [id=26796]
  0x000002a3a16e5ce0 ConcurrentGCThread "G1 Conc#0" [stack: 0x000000aff3700000,0x000000aff3800000] [id=27912]
  0x000002a3c0b95680 ConcurrentGCThread "G1 Conc#1" [stack: 0x000000aff6200000,0x000000aff6300000] [id=19404]
  0x000002a3a175df60 ConcurrentGCThread "G1 Refine#0" [stack: 0x000000aff3800000,0x000000aff3900000] [id=20008]
  0x000002a3a175e4b0 ConcurrentGCThread "G1 Young RemSet Sampling" [stack: 0x000000aff3900000,0x000000aff3a00000] [id=25516]

Threads with active compile tasks:

VM state: not at safepoint (normal execution)

VM Mutex/Monitor currently owned by a thread: None

Heap address: 0x0000000089e00000, size: 1890 MB, Compressed Oops mode: 32-bit
CDS archive(s) mapped at: [0x0000000800000000-0x0000000800b50000-0x0000000800b50000), size 11862016, SharedBaseAddress: 0x0000000800000000, ArchiveRelocationMode: 0.
Compressed class space mapped at: 0x0000000800b50000-0x0000000840b50000, size: 1073741824
Narrow klass base: 0x0000000800000000, Narrow klass shift: 3, Narrow klass range: 0x100000000

GC Precious Log:
 CPUs: 8 total, 8 available
 Memory: 7555M
 Large Page Support: Disabled
 NUMA Support: Disabled
 Compressed Oops: Enabled (32-bit)
 Heap Region Size: 1M
 Heap Min Capacity: 8M
 Heap Initial Capacity: 120M
 Heap Max Capacity: 1890M
 Pre-touch: Disabled
 Parallel Workers: 8
 Concurrent Workers: 2
 Concurrent Refinement Workers: 8
 Periodic GC: Disabled

Heap:
 garbage-first heap   total 30720K, used 10450K [0x0000000089e00000, 0x0000000100000000)
  region size 1024K, 5 young (5120K), 2 survivors (2048K)
 Metaspace       used 24810K, capacity 25166K, committed 25392K, reserved 1071104K
  class space    used 2721K, capacity 2831K, committed 2944K, reserved 1048576K

Heap Regions: E=young(eden), S=young(survivor), O=old, HS=humongous(starts), HC=humongous(continues), CS=collection set, F=free, OA=open archive, CA=closed archive, TAMS=top-at-mark-start (previous, next)
|   0|0x0000000089e00000, 0x0000000089f00000, 0x0000000089f00000|100%| O|  |TAMS 0x0000000089f00000, 0x0000000089e00000| Untracked 
|   1|0x0000000089f00000, 0x000000008a000000, 0x000000008a000000|100%| O|  |TAMS 0x000000008a000000, 0x0000000089f00000| Untracked 
|   2|0x000000008a000000, 0x000000008a100000, 0x000000008a100000|100%| O|  |TAMS 0x000000008a100000, 0x000000008a000000| Untracked 
|   3|0x000000008a100000, 0x000000008a200000, 0x000000008a200000|100%| O|  |TAMS 0x000000008a200000, 0x000000008a100000| Untracked 
|   4|0x000000008a200000, 0x000000008a2cae00, 0x000000008a300000| 79%| O|  |TAMS 0x000000008a2cae00, 0x000000008a200000| Untracked 
|   5|0x000000008a300000, 0x000000008a400000, 0x000000008a400000|100%| O|  |TAMS 0x000000008a300000, 0x000000008a300000| Untracked 
|   6|0x000000008a400000, 0x000000008a4dec00, 0x000000008a500000| 87%| O|  |TAMS 0x000000008a400000, 0x000000008a400000| Untracked 
|   7|0x000000008a500000, 0x000000008a500000, 0x000000008a600000|  0%| F|  |TAMS 0x000000008a500000, 0x000000008a500000| Untracked 
|   8|0x000000008a600000, 0x000000008a600000, 0x000000008a700000|  0%| F|  |TAMS 0x000000008a600000, 0x000000008a600000| Untracked 
|   9|0x000000008a700000, 0x000000008a700000, 0x000000008a800000|  0%| F|  |TAMS 0x000000008a700000, 0x000000008a700000| Untracked 
|  10|0x000000008a800000, 0x000000008a88b0b0, 0x000000008a900000| 54%| S|CS|TAMS 0x000000008a800000, 0x000000008a800000| Complete 
|  11|0x000000008a900000, 0x000000008aa00000, 0x000000008aa00000|100%| S|CS|TAMS 0x000000008a900000, 0x000000008a900000| Complete 
|  12|0x000000008aa00000, 0x000000008aa00000, 0x000000008ab00000|  0%| F|  |TAMS 0x000000008aa00000, 0x000000008aa00000| Untracked 
|  13|0x000000008ab00000, 0x000000008ab00000, 0x000000008ac00000|  0%| F|  |TAMS 0x000000008ab00000, 0x000000008ab00000| Untracked 
|  14|0x000000008ac00000, 0x000000008ac00000, 0x000000008ad00000|  0%| F|  |TAMS 0x000000008ac00000, 0x000000008ac00000| Untracked 
|  15|0x000000008ad00000, 0x000000008ad00000, 0x000000008ae00000|  0%| F|  |TAMS 0x000000008ad00000, 0x000000008ad00000| Untracked 
|  16|0x000000008ae00000, 0x000000008ae00000, 0x000000008af00000|  0%| F|  |TAMS 0x000000008ae00000, 0x000000008ae00000| Untracked 
|  17|0x000000008af00000, 0x000000008af00000, 0x000000008b000000|  0%| F|  |TAMS 0x000000008af00000, 0x000000008af00000| Untracked 
|  18|0x000000008b000000, 0x000000008b000000, 0x000000008b100000|  0%| F|  |TAMS 0x000000008b000000, 0x000000008b000000| Untracked 
|  19|0x000000008b100000, 0x000000008b100000, 0x000000008b200000|  0%| F|  |TAMS 0x000000008b100000, 0x000000008b100000| Untracked 
|  20|0x000000008b200000, 0x000000008b200000, 0x000000008b300000|  0%| F|  |TAMS 0x000000008b200000, 0x000000008b200000| Untracked 
|  21|0x000000008b300000, 0x000000008b300000, 0x000000008b400000|  0%| F|  |TAMS 0x000000008b300000, 0x000000008b300000| Untracked 
|  22|0x000000008b400000, 0x000000008b400000, 0x000000008b500000|  0%| F|  |TAMS 0x000000008b400000, 0x000000008b400000| Untracked 
|  23|0x000000008b500000, 0x000000008b500000, 0x000000008b600000|  0%| F|  |TAMS 0x000000008b500000, 0x000000008b500000| Untracked 
|  24|0x000000008b600000, 0x000000008b600000, 0x000000008b700000|  0%| F|  |TAMS 0x000000008b600000, 0x000000008b600000| Untracked 
|  25|0x000000008b700000, 0x000000008b700000, 0x000000008b800000|  0%| F|  |TAMS 0x000000008b700000, 0x000000008b700000| Untracked 
| 110|0x0000000090c00000, 0x0000000090c00000, 0x0000000090d00000|  0%| F|  |TAMS 0x0000000090c00000, 0x0000000090c00000| Untracked 
| 111|0x0000000090d00000, 0x0000000090dae640, 0x0000000090e00000| 68%| E|  |TAMS 0x0000000090d00000, 0x0000000090d00000| Complete 
| 112|0x0000000090e00000, 0x0000000090f00000, 0x0000000090f00000|100%| E|CS|TAMS 0x0000000090e00000, 0x0000000090e00000| Complete 
| 119|0x0000000091500000, 0x0000000091600000, 0x0000000091600000|100%| E|CS|TAMS 0x0000000091500000, 0x0000000091500000| Complete 

Card table byte_map: [0x000002a3b8fb0000,0x000002a3b9370000] _byte_map_base: 0x000002a3b8b61000

Marking Bits (Prev, Next): (CMBitMap*) 0x000002a3a16d31f0, (CMBitMap*) 0x000002a3a16d31b0
 Prev Bits: [0x000002a3bb4c0000, 0x000002a3bd248000)
 Next Bits: [0x000002a3b9730000, 0x000002a3bb4b8000)

Polling page: 0x000002a39f6a0000

Metaspace:

Usage:
  Non-class:     21.81 MB capacity,    21.57 MB ( 99%) used,   210.25 KB ( <1%) free+waste,    35.75 KB ( <1%) overhead. 
      Class:      2.76 MB capacity,     2.66 MB ( 96%) used,    96.79 KB (  3%) free+waste,    13.19 KB ( <1%) overhead. 
       Both:     24.58 MB capacity,    24.23 MB ( 99%) used,   307.04 KB (  1%) free+waste,    48.94 KB ( <1%) overhead. 

Virtual space:
  Non-class space:       22.00 MB reserved,      21.92 MB (>99%) committed 
      Class space:        1.00 GB reserved,       2.88 MB ( <1%) committed 
             Both:        1.02 GB reserved,      24.80 MB (  2%) committed 

Chunk freelists:
   Non-Class:  49.00 KB
       Class:  17.00 KB
        Both:  66.00 KB

MaxMetaspaceSize: 17179869184.00 GB
CompressedClassSpaceSize: 1.00 GB

CodeHeap 'non-profiled nmethods': size=120000Kb used=699Kb max_used=699Kb free=119300Kb
 bounds [0x000002a3b1390000, 0x000002a3b1600000, 0x000002a3b88c0000]
CodeHeap 'profiled nmethods': size=120000Kb used=3565Kb max_used=3565Kb free=116434Kb
 bounds [0x000002a3a9e60000, 0x000002a3aa1e0000, 0x000002a3b1390000]
CodeHeap 'non-nmethods': size=5760Kb used=1635Kb max_used=1660Kb free=4124Kb
 bounds [0x000002a3a98c0000, 0x000002a3a9b30000, 0x000002a3a9e60000]
 total_blobs=2939 nmethods=1920 adapters=931
 compilation: enabled
              stopped_count=0, restarted_count=0
 full_count=0

Compilation events (20 events):
Event: 4.104 Thread 0x000002a3bfc83e10 1847       4       java.util.ArrayList$Itr::hasNext (20 bytes)
Event: 4.105 Thread 0x000002a3bfc83e10 nmethod 1847 0x000002a3b1437c10 code [0x000002a3b1437d80, 0x000002a3b1437e18]
Event: 4.105 Thread 0x000002a3bfc83e10 1841       4       java.lang.Object::equals (11 bytes)
Event: 4.105 Thread 0x000002a3bfc83e10 nmethod 1841 0x000002a3b1437f10 code [0x000002a3b1438080, 0x000002a3b14380f8]
Event: 4.108 Thread 0x000002a3bfc8c900 1871       3       androidx.compose.runtime.snapshots.SnapshotStateObserver$readObserver$1::invoke (9 bytes)
Event: 4.108 Thread 0x000002a3bfc8c900 nmethod 1871 0x000002a3aa1b6210 code [0x000002a3aa1b63c0, 0x000002a3aa1b6508]
Event: 4.108 Thread 0x000002a3bfc8c900 1872   !   3       androidx.compose.runtime.snapshots.SnapshotStateObserver$readObserver$1::invoke (70 bytes)
Event: 4.111 Thread 0x000002a3bfc8c900 nmethod 1872 0x000002a3aa1b6590 code [0x000002a3aa1b6a40, 0x000002a3aa1b89f8]
Event: 4.111 Thread 0x000002a3bfc8c900 1873       1       org.jetbrains.skia.impl.CleanableImpl::setPrev (6 bytes)
Event: 4.111 Thread 0x000002a3bfc8c900 nmethod 1873 0x000002a3b1438210 code [0x000002a3b14383a0, 0x000002a3b1438498]
Event: 4.111 Thread 0x000002a3bfc8c900 1874       1       androidx.compose.runtime.collection.IdentityScopeMap::getScopeSets (5 bytes)
Event: 4.111 Thread 0x000002a3bfc8c900 nmethod 1874 0x000002a3b1438510 code [0x000002a3b14386a0, 0x000002a3b1438758]
Event: 4.111 Thread 0x000002a3bfc8c900 1877       3       java.lang.Long::formatUnsignedLong0 (47 bytes)
Event: 4.112 Thread 0x000002a3bfc8c900 nmethod 1877 0x000002a3aa1b9b10 code [0x000002a3aa1b9cc0, 0x000002a3aa1b9ed8]
Event: 4.112 Thread 0x000002a3bfc8c900 1875       3       java.lang.Long::toHexString (6 bytes)
Event: 4.112 Thread 0x000002a3bfc8c900 nmethod 1875 0x000002a3aa1ba090 code [0x000002a3aa1ba220, 0x000002a3aa1ba328]
Event: 4.112 Thread 0x000002a3bfc8c900 1881       3       java.util.Formatter$Flags::parse (70 bytes)
Event: 4.113 Thread 0x000002a3bfc83e10 1883       4       java.util.regex.Matcher::reset (128 bytes)
Event: 4.113 Thread 0x000002a3bfc8c900 nmethod 1881 0x000002a3aa1ba410 code [0x000002a3aa1ba680, 0x000002a3aa1bb128]
Event: 4.113 Thread 0x000002a3bfc8c900 1882       3       java.util.Formatter::parse (137 bytes)

GC Heap History (8 events):
Event: 1.295 GC heap before
{Heap before GC invocations=0 (full 0):
 garbage-first heap   total 122880K, used 23552K [0x0000000089e00000, 0x0000000100000000)
  region size 1024K, 23 young (23552K), 0 survivors (0K)
 Metaspace       used 9313K, capacity 9479K, committed 9728K, reserved 1058816K
  class space    used 896K, capacity 957K, committed 1024K, reserved 1048576K
}
Event: 1.302 GC heap after
{Heap after GC invocations=1 (full 0):
 garbage-first heap   total 122880K, used 4953K [0x0000000089e00000, 0x0000000100000000)
  region size 1024K, 3 young (3072K), 3 survivors (3072K)
 Metaspace       used 9313K, capacity 9479K, committed 9728K, reserved 1058816K
  class space    used 896K, capacity 957K, committed 1024K, reserved 1048576K
}
Event: 3.397 GC heap before
{Heap before GC invocations=1 (full 0):
 garbage-first heap   total 122880K, used 33625K [0x0000000089e00000, 0x0000000100000000)
  region size 1024K, 32 young (32768K), 3 survivors (3072K)
 Metaspace       used 19218K, capacity 19444K, committed 19584K, reserved 1067008K
  class space    used 2066K, capacity 2164K, committed 2176K, reserved 1048576K
}
Event: 3.407 GC heap after
{Heap after GC invocations=2 (full 0):
 garbage-first heap   total 122880K, used 6955K [0x0000000089e00000, 0x0000000100000000)
  region size 1024K, 2 young (2048K), 2 survivors (2048K)
 Metaspace       used 19218K, capacity 19444K, committed 19584K, reserved 1067008K
  class space    used 2066K, capacity 2164K, committed 2176K, reserved 1048576K
}
Event: 3.533 GC heap before
{Heap before GC invocations=2 (full 0):
 garbage-first heap   total 122880K, used 12075K [0x0000000089e00000, 0x0000000100000000)
  region size 1024K, 9 young (9216K), 2 survivors (2048K)
 Metaspace       used 20917K, capacity 21112K, committed 21296K, reserved 1069056K
  class space    used 2270K, capacity 2356K, committed 2432K, reserved 1048576K
}
Event: 3.537 GC heap after
{Heap after GC invocations=3 (full 0):
 garbage-first heap   total 122880K, used 7281K [0x0000000089e00000, 0x0000000100000000)
  region size 1024K, 3 young (3072K), 3 survivors (3072K)
 Metaspace       used 20917K, capacity 21112K, committed 21296K, reserved 1069056K
  class space    used 2270K, capacity 2356K, committed 2432K, reserved 1048576K
}
Event: 3.989 GC heap before
{Heap before GC invocations=4 (full 0):
 garbage-first heap   total 30720K, used 22641K [0x0000000089e00000, 0x0000000100000000)
  region size 1024K, 18 young (18432K), 3 survivors (3072K)
 Metaspace       used 24127K, capacity 24460K, committed 24752K, reserved 1071104K
  class space    used 2655K, capacity 2772K, committed 2816K, reserved 1048576K
}
Event: 3.995 GC heap after
{Heap after GC invocations=5 (full 0):
 garbage-first heap   total 30720K, used 8402K [0x0000000089e00000, 0x0000000100000000)
  region size 1024K, 2 young (2048K), 2 survivors (2048K)
 Metaspace       used 24127K, capacity 24460K, committed 24752K, reserved 1071104K
  class space    used 2655K, capacity 2772K, committed 2816K, reserved 1048576K
}

Deoptimization events (20 events):
Event: 3.630 Thread 0x000002a3c0f1b9a0 Uncommon trap: trap_request=0xffffffde fr.pc=0x000002a3b13f39bc relative=0x000000000000003c
Event: 3.630 Thread 0x000002a3c0f1b9a0 Uncommon trap: reason=class_check action=maybe_recompile pc=0x000002a3b13f39bc method=java.lang.StringConcatHelper.stringOf(Ljava/lang/Object;)Ljava/lang/String; @ 5 c2
Event: 3.630 Thread 0x000002a3c0f1b9a0 DEOPT PACKING pc=0x000002a3b13f39bc sp=0x000000aff4ef5770
Event: 3.630 Thread 0x000002a3c0f1b9a0 DEOPT UNPACKING pc=0x000002a3a990e42f sp=0x000000aff4ef5700 mode 2
Event: 3.759 Thread 0x000002a3c0f1a660 Uncommon trap: trap_request=0xffffff45 fr.pc=0x000002a3b13bf5b0 relative=0x0000000000000610
Event: 3.759 Thread 0x000002a3c0f1a660 Uncommon trap: reason=unstable_if action=reinterpret pc=0x000002a3b13bf5b0 method=java.lang.AbstractStringBuilder.append(Ljava/lang/String;)Ljava/lang/AbstractStringBuilder; @ 1 c2
Event: 3.759 Thread 0x000002a3c0f1a660 DEOPT PACKING pc=0x000002a3b13bf5b0 sp=0x000000aff56fca00
Event: 3.759 Thread 0x000002a3c0f1a660 DEOPT UNPACKING pc=0x000002a3a990e42f sp=0x000000aff56fc9d8 mode 2
Event: 3.825 Thread 0x000002a3c0f1b9a0 Uncommon trap: trap_request=0xffffff45 fr.pc=0x000002a3b140d4d0 relative=0x00000000000011b0
Event: 3.825 Thread 0x000002a3c0f1b9a0 Uncommon trap: reason=unstable_if action=reinterpret pc=0x000002a3b140d4d0 method=java.util.zip.InflaterInputStream.read([BII)I @ 41 c2
Event: 3.825 Thread 0x000002a3c0f1b9a0 DEOPT PACKING pc=0x000002a3b140d4d0 sp=0x000000aff4ef32f0
Event: 3.825 Thread 0x000002a3c0f1b9a0 DEOPT UNPACKING pc=0x000002a3a990e42f sp=0x000000aff4ef3320 mode 2
Event: 3.964 Thread 0x000002a3c0f1a660 Uncommon trap: trap_request=0xffffff45 fr.pc=0x000002a3b13f7c80 relative=0x0000000000000d60
Event: 3.964 Thread 0x000002a3c0f1a660 Uncommon trap: reason=unstable_if action=reinterpret pc=0x000002a3b13f7c80 method=java.util.concurrent.ConcurrentHashMap.addCount(JI)V @ 34 c2
Event: 3.964 Thread 0x000002a3c0f1a660 DEOPT PACKING pc=0x000002a3b13f7c80 sp=0x000000aff56fc900
Event: 3.964 Thread 0x000002a3c0f1a660 DEOPT UNPACKING pc=0x000002a3a990e42f sp=0x000000aff56fc7c0 mode 2
Event: 3.964 Thread 0x000002a3c0f1b9a0 Uncommon trap: trap_request=0xffffff45 fr.pc=0x000002a3b13f6090 relative=0x0000000000000150
Event: 3.964 Thread 0x000002a3c0f1b9a0 Uncommon trap: reason=unstable_if action=reinterpret pc=0x000002a3b13f6090 method=java.util.concurrent.ConcurrentHashMap.addCount(JI)V @ 7 c2
Event: 3.964 Thread 0x000002a3c0f1b9a0 DEOPT PACKING pc=0x000002a3b13f6090 sp=0x000000aff4ef3e40
Event: 3.965 Thread 0x000002a3c0f1b9a0 DEOPT UNPACKING pc=0x000002a3a990e42f sp=0x000000aff4ef3da0 mode 2

Classes unloaded (0 events):
No events

Classes redefined (0 events):
No events

Internal exceptions (20 events):
Event: 3.374 Thread 0x000002a3c0f1a660 Exception <a 'java/lang/NoSuchMethodError'{0x000000008f688328}: 'java.lang.Object java.lang.invoke.DirectMethodHandle$Holder.invokeStaticInit(java.lang.Object, java.lang.Object, int, int, int, int)'> (0x000000008f688328) 
thrown [./open/src/hotspot/share/interpreter/linkResolver.cpp, line 782]
Event: 3.509 Thread 0x000002a3c0f1a660 Implicit null exception at 0x000002a3b13bfb57 to 0x000002a3b13c00dc
Event: 3.622 Thread 0x000002a3c0f1a660 Exception <a 'java/lang/UnsatisfiedLinkError'{0x000000008b5910d8}: The specified procedure could not be found.
> (0x000000008b5910d8) 
thrown [./open/src/hotspot/share/prims/jni.cpp, line 599]
Event: 3.627 Thread 0x000002a3c0f1a660 Exception <a 'java/lang/NoSuchMethodError'{0x000000008b5a3a40}: 'long java.lang.invoke.DirectMethodHandle$Holder.invokeVirtual(java.lang.Object, java.lang.Object)'> (0x000000008b5a3a40) 
thrown [./open/src/hotspot/share/interpreter/linkResolver.cpp, line 782]
Event: 3.685 Thread 0x000002a3c0f1b9a0 Exception <a 'java/lang/NoSuchMethodError'{0x000000008b4f74c0}: 'java.lang.Object java.lang.invoke.Invokers$Holder.linkToTargetMethod(java.lang.Object, long, java.lang.Object, java.lang.Object, java.lang.Object)'> (0x000000008b4f74c0) 
thrown [./open/src/hotspot/share/interpreter/linkResolver.cpp, line 782]
Event: 3.690 Thread 0x000002a3c0f1a660 Exception <a 'java/lang/UnsatisfiedLinkError'{0x000000008b3cc3e0}: The specified procedure could not be found.
> (0x000000008b3cc3e0) 
thrown [./open/src/hotspot/share/prims/jni.cpp, line 599]
Event: 3.691 Thread 0x000002a3c0f1a660 Exception <a 'java/lang/UnsatisfiedLinkError'{0x000000008b3cd4b8}: The specified procedure could not be found.
> (0x000000008b3cd4b8) 
thrown [./open/src/hotspot/share/prims/jni.cpp, line 599]
Event: 3.741 Thread 0x000002a3c0f1a660 Exception <a 'java/lang/NoSuchMethodError'{0x000000008b1a1740}: 'java.lang.Object java.lang.invoke.Invokers$Holder.invokeExact_MT(java.lang.Object, java.lang.Object, java.lang.Object, java.lang.Object, java.lang.Object, java.lang.Object)'> (0x000000008b1a1740) 
thrown [./open/src/hotspot/share/interpreter/linkResolver.cpp, line 782]
Event: 3.759 Thread 0x000002a3c0f1a660 Implicit null exception at 0x000002a3b13befd4 to 0x000002a3b13bf598
Event: 3.771 Thread 0x000002a3c0f1a660 Exception <a 'java/lang/UnsatisfiedLinkError'{0x000000008b0c3468}: The specified procedure could not be found.
> (0x000000008b0c3468) 
thrown [./open/src/hotspot/share/prims/jni.cpp, line 599]
Event: 3.772 Thread 0x000002a3c0f1a660 Exception <a 'java/lang/UnsatisfiedLinkError'{0x000000008b0c4698}: The specified procedure could not be found.
> (0x000000008b0c4698) 
thrown [./open/src/hotspot/share/prims/jni.cpp, line 599]
Event: 3.783 Thread 0x000002a3c0f1a660 Exception <a 'java/lang/UnsatisfiedLinkError'{0x000000008b0e17c0}: The specified procedure could not be found.
> (0x000000008b0e17c0) 
thrown [./open/src/hotspot/share/prims/jni.cpp, line 599]
Event: 3.843 Thread 0x000002a3c0f1a660 Exception <a 'java/lang/UnsatisfiedLinkError'{0x000000008adf1948}: The specified procedure could not be found.
> (0x000000008adf1948) 
thrown [./open/src/hotspot/share/prims/jni.cpp, line 599]
Event: 3.873 Thread 0x000002a3c0f1a660 Exception <a 'java/lang/UnsatisfiedLinkError'{0x000000008adf7790}: The specified procedure could not be found.
> (0x000000008adf7790) 
thrown [./open/src/hotspot/share/prims/jni.cpp, line 599]
Event: 3.874 Thread 0x000002a3c0f1a660 Exception <a 'java/lang/UnsatisfiedLinkError'{0x000000008adf8838}: The specified procedure could not be found.
> (0x000000008adf8838) 
thrown [./open/src/hotspot/share/prims/jni.cpp, line 599]
Event: 3.894 Thread 0x000002a3c0f1a660 Exception <a 'java/lang/UnsatisfiedLinkError'{0x000000008ac20650}: The specified procedure could not be found.
> (0x000000008ac20650) 
thrown [./open/src/hotspot/share/prims/jni.cpp, line 599]
Event: 3.898 Thread 0x000002a3c0f1a660 Exception <a 'java/lang/UnsatisfiedLinkError'{0x000000008ac28ee0}: The specified procedure could not be found.
> (0x000000008ac28ee0) 
thrown [./open/src/hotspot/share/prims/jni.cpp, line 599]
Event: 3.959 Thread 0x000002a3c0f1a660 Exception <a 'java/lang/UnsatisfiedLinkError'{0x000000008aa2be90}: The specified procedure could not be found.
> (0x000000008aa2be90) 
thrown [./open/src/hotspot/share/prims/jni.cpp, line 599]
Event: 3.967 Thread 0x000002a3c0f1a660 Exception <a 'java/lang/UnsatisfiedLinkError'{0x000000008aae6bf8}: The specified procedure could not be found.
> (0x000000008aae6bf8) 
thrown [./open/src/hotspot/share/prims/jni.cpp, line 599]
Event: 4.032 Thread 0x000002a3c0f1a660 Exception <a 'java/lang/UnsatisfiedLinkError'{0x0000000090e354b8}: The specified procedure could not be found.
> (0x0000000090e354b8) 
thrown [./open/src/hotspot/share/prims/jni.cpp, line 599]

Events (20 events):
Event: 4.033 loading class sun/awt/im/InputMethodContext
Event: 4.033 loading class java/awt/im/spi/InputMethodContext
Event: 4.033 loading class java/awt/im/spi/InputMethodContext done
Event: 4.033 loading class sun/awt/im/InputContext
Event: 4.034 loading class sun/awt/im/InputContext done
Event: 4.034 loading class sun/awt/im/InputMethodContext done
Event: 4.035 loading class sun/awt/windows/WInputMethod
Event: 4.036 loading class sun/awt/im/InputMethodAdapter
Event: 4.036 loading class java/awt/im/spi/InputMethod
Event: 4.036 loading class java/awt/im/spi/InputMethod done
Event: 4.036 loading class sun/awt/im/InputMethodAdapter done
Event: 4.036 loading class sun/awt/windows/WInputMethod done
Event: 4.100 Executing VM operation: ICBufferFull
Event: 4.100 Executing VM operation: ICBufferFull done
Event: 4.100 Executing VM operation: HandshakeAllThreads
Event: 4.100 Executing VM operation: HandshakeAllThreads done
Event: 4.107 loading class java/util/ConcurrentModificationException
Event: 4.108 loading class java/util/ConcurrentModificationException done
Event: 4.110 Executing VM operation: ICBufferFull
Event: 4.110 Executing VM operation: ICBufferFull done


Dynamic libraries:
0x00007ff702ba0000 - 0x00007ff702bad000 	C:\Program Files\jdk-15.0.2\bin\java.exe
0x00007ff97e480000 - 0x00007ff97e689000 	C:\WINDOWS\SYSTEM32\ntdll.dll
0x00007ff97d0d0000 - 0x00007ff97d18d000 	C:\WINDOWS\System32\KERNEL32.DLL
0x00007ff97bdf0000 - 0x00007ff97c16d000 	C:\WINDOWS\System32\KERNELBASE.dll
0x00007ff97b960000 - 0x00007ff97ba71000 	C:\WINDOWS\System32\ucrtbase.dll
0x00007ff959610000 - 0x00007ff959629000 	C:\Program Files\jdk-15.0.2\bin\VCRUNTIME140.dll
0x00007ff959870000 - 0x00007ff959888000 	C:\Program Files\jdk-15.0.2\bin\jli.dll
0x00007ff97ca50000 - 0x00007ff97cbfd000 	C:\WINDOWS\System32\USER32.dll
0x00007ff95cc80000 - 0x00007ff95cf25000 	C:\WINDOWS\WinSxS\amd64_microsoft.windows.common-controls_6595b64144ccf1df_6.0.22000.120_none_9d947278b86cc467\COMCTL32.dll
0x00007ff97ba80000 - 0x00007ff97baa6000 	C:\WINDOWS\System32\win32u.dll
0x00007ff97c4a0000 - 0x00007ff97c543000 	C:\WINDOWS\System32\msvcrt.dll
0x00007ff97d9f0000 - 0x00007ff97da19000 	C:\WINDOWS\System32\GDI32.dll
0x00007ff97c1f0000 - 0x00007ff97c308000 	C:\WINDOWS\System32\gdi32full.dll
0x00007ff97bd50000 - 0x00007ff97bded000 	C:\WINDOWS\System32\msvcp_win.dll
0x00007ff97d9b0000 - 0x00007ff97d9e1000 	C:\WINDOWS\System32\IMM32.DLL
0x00007ff9631b0000 - 0x00007ff9631bc000 	C:\Program Files\jdk-15.0.2\bin\vcruntime140_1.dll
0x00007ff927e80000 - 0x00007ff927f11000 	C:\Program Files\jdk-15.0.2\bin\msvcp140.dll
0x00007ff926b40000 - 0x00007ff92769e000 	C:\Program Files\jdk-15.0.2\bin\server\jvm.dll
0x00007ff97e390000 - 0x00007ff97e43e000 	C:\WINDOWS\System32\ADVAPI32.dll
0x00007ff97d030000 - 0x00007ff97d0ce000 	C:\WINDOWS\System32\sechost.dll
0x00007ff97c310000 - 0x00007ff97c430000 	C:\WINDOWS\System32\RPCRT4.dll
0x00007ff97cda0000 - 0x00007ff97cda8000 	C:\WINDOWS\System32\PSAPI.DLL
0x00007ff9572f0000 - 0x00007ff9572f9000 	C:\WINDOWS\SYSTEM32\WSOCK32.dll
0x00007ff973720000 - 0x00007ff973753000 	C:\WINDOWS\SYSTEM32\WINMM.dll
0x00007ff971cb0000 - 0x00007ff971cba000 	C:\WINDOWS\SYSTEM32\VERSION.dll
0x00007ff97ccc0000 - 0x00007ff97cd2f000 	C:\WINDOWS\System32\WS2_32.dll
0x00007ff97ab10000 - 0x00007ff97ab28000 	C:\WINDOWS\SYSTEM32\kernel.appcore.dll
0x00007ff963180000 - 0x00007ff96318a000 	C:\Program Files\jdk-15.0.2\bin\jimage.dll
0x00007ff979620000 - 0x00007ff979841000 	C:\WINDOWS\SYSTEM32\DBGHELP.DLL
0x00007ff967dd0000 - 0x00007ff967e01000 	C:\WINDOWS\SYSTEM32\dbgcore.DLL
0x00007ff97c170000 - 0x00007ff97c1ef000 	C:\WINDOWS\System32\bcryptPrimitives.dll
0x00007ff9587c0000 - 0x00007ff9587e5000 	C:\Program Files\jdk-15.0.2\bin\java.dll
0x00007ff97d190000 - 0x00007ff97d948000 	C:\WINDOWS\System32\SHELL32.dll
0x00007ff979aa0000 - 0x00007ff97a308000 	C:\WINDOWS\SYSTEM32\windows.storage.dll
0x00007ff97c6c0000 - 0x00007ff97ca39000 	C:\WINDOWS\System32\combase.dll
0x00007ff979930000 - 0x00007ff979a96000 	C:\WINDOWS\SYSTEM32\wintypes.dll
0x00007ff97c550000 - 0x00007ff97c63a000 	C:\WINDOWS\System32\SHCORE.dll
0x00007ff97c640000 - 0x00007ff97c69d000 	C:\WINDOWS\System32\shlwapi.dll
0x00007ff97b890000 - 0x00007ff97b8b1000 	C:\WINDOWS\SYSTEM32\profapi.dll
0x00007ff958840000 - 0x00007ff958859000 	C:\Program Files\jdk-15.0.2\bin\net.dll
0x00007ff971f80000 - 0x00007ff97208c000 	C:\WINDOWS\SYSTEM32\WINHTTP.dll
0x00007ff97af30000 - 0x00007ff97af97000 	C:\WINDOWS\system32\mswsock.dll
0x00007ff958700000 - 0x00007ff958712000 	C:\Program Files\jdk-15.0.2\bin\nio.dll
0x00007ff953830000 - 0x00007ff953848000 	C:\Program Files\jdk-15.0.2\bin\zip.dll
0x00007ff900110000 - 0x00007ff9010b7000 	C:\Users\Ananiya\.skiko\910c5adfbcd6cf51bf4c5a52ed8f9819cce19290cdf0426dcffb7f96500367e6\skiko-windows-x64.dll
0x00007ff979050000 - 0x00007ff97907f000 	C:\WINDOWS\SYSTEM32\dwmapi.dll
0x00007ff948e90000 - 0x00007ff948f91000 	C:\WINDOWS\SYSTEM32\OPENGL32.dll
0x00007ff948e20000 - 0x00007ff948e4d000 	C:\WINDOWS\SYSTEM32\GLU32.dll
0x00007ff978db0000 - 0x00007ff978de8000 	C:\WINDOWS\SYSTEM32\dxcore.dll
0x00007ff928270000 - 0x00007ff9283ef000 	C:\Program Files\jdk-15.0.2\bin\awt.dll
0x00007ff97cf50000 - 0x00007ff97d026000 	C:\WINDOWS\System32\OLEAUT32.dll
0x00007ff978690000 - 0x00007ff978721000 	C:\WINDOWS\SYSTEM32\apphelp.dll
0x00007ff978bf0000 - 0x00007ff978c9c000 	C:\WINDOWS\system32\uxtheme.dll
0x00007ff97dd10000 - 0x00007ff97de2e000 	C:\WINDOWS\System32\MSCTF.dll
0x00007ff97cdb0000 - 0x00007ff97cf4a000 	C:\WINDOWS\System32\ole32.dll
0x000002a3c1370000 - 0x000002a3c1373000 	C:\Users\Ananiya\.openjfx\cache\15\api-ms-win-core-console-l1-1-0.dll
0x000002a3c1380000 - 0x000002a3c1383000 	C:\Users\Ananiya\.openjfx\cache\15\api-ms-win-core-console-l1-2-0.dll
0x000002a3c1390000 - 0x000002a3c1393000 	C:\Users\Ananiya\.openjfx\cache\15\api-ms-win-core-datetime-l1-1-0.dll
0x000002a3c13a0000 - 0x000002a3c13a3000 	C:\Users\Ananiya\.openjfx\cache\15\api-ms-win-core-debug-l1-1-0.dll
0x000002a3c13b0000 - 0x000002a3c13b3000 	C:\Users\Ananiya\.openjfx\cache\15\api-ms-win-core-errorhandling-l1-1-0.dll
0x000002a3c3940000 - 0x000002a3c3944000 	C:\Users\Ananiya\.openjfx\cache\15\api-ms-win-core-file-l1-1-0.dll
0x000002a3c3950000 - 0x000002a3c3953000 	C:\Users\Ananiya\.openjfx\cache\15\api-ms-win-core-file-l1-2-0.dll
0x000002a3c3960000 - 0x000002a3c3963000 	C:\Users\Ananiya\.openjfx\cache\15\api-ms-win-core-file-l2-1-0.dll
0x000002a3c3970000 - 0x000002a3c3973000 	C:\Users\Ananiya\.openjfx\cache\15\api-ms-win-core-handle-l1-1-0.dll
0x000002a3c3980000 - 0x000002a3c3983000 	C:\Users\Ananiya\.openjfx\cache\15\api-ms-win-core-heap-l1-1-0.dll
0x000002a3c3990000 - 0x000002a3c3993000 	C:\Users\Ananiya\.openjfx\cache\15\api-ms-win-core-interlocked-l1-1-0.dll
0x000002a3c39a0000 - 0x000002a3c39a3000 	C:\Users\Ananiya\.openjfx\cache\15\api-ms-win-core-libraryloader-l1-1-0.dll
0x000002a3c39b0000 - 0x000002a3c39b3000 	C:\Users\Ananiya\.openjfx\cache\15\api-ms-win-core-localization-l1-2-0.dll
0x000002a3c39c0000 - 0x000002a3c39c3000 	C:\Users\Ananiya\.openjfx\cache\15\api-ms-win-core-memory-l1-1-0.dll
0x000002a3c39d0000 - 0x000002a3c39d3000 	C:\Users\Ananiya\.openjfx\cache\15\api-ms-win-core-namedpipe-l1-1-0.dll
0x000002a3c39e0000 - 0x000002a3c39e3000 	C:\Users\Ananiya\.openjfx\cache\15\api-ms-win-core-processenvironment-l1-1-0.dll
0x000002a3c39f0000 - 0x000002a3c39f3000 	C:\Users\Ananiya\.openjfx\cache\15\api-ms-win-core-processthreads-l1-1-0.dll
0x000002a3c3a00000 - 0x000002a3c3a03000 	C:\Users\Ananiya\.openjfx\cache\15\api-ms-win-core-processthreads-l1-1-1.dll
0x000002a3c3a10000 - 0x000002a3c3a13000 	C:\Users\Ananiya\.openjfx\cache\15\api-ms-win-core-profile-l1-1-0.dll
0x000002a3c3a20000 - 0x000002a3c3a23000 	C:\Users\Ananiya\.openjfx\cache\15\api-ms-win-core-rtlsupport-l1-1-0.dll
0x000002a3c3a30000 - 0x000002a3c3a33000 	C:\Users\Ananiya\.openjfx\cache\15\api-ms-win-core-string-l1-1-0.dll
0x000002a3c3a40000 - 0x000002a3c3a43000 	C:\Users\Ananiya\.openjfx\cache\15\api-ms-win-core-synch-l1-1-0.dll
0x000002a3c3a50000 - 0x000002a3c3a53000 	C:\Users\Ananiya\.openjfx\cache\15\api-ms-win-core-synch-l1-2-0.dll
0x000002a3c3a60000 - 0x000002a3c3a63000 	C:\Users\Ananiya\.openjfx\cache\15\api-ms-win-core-sysinfo-l1-1-0.dll
0x000002a3c3a70000 - 0x000002a3c3a73000 	C:\Users\Ananiya\.openjfx\cache\15\api-ms-win-core-timezone-l1-1-0.dll
0x000002a3c3a80000 - 0x000002a3c3a83000 	C:\Users\Ananiya\.openjfx\cache\15\api-ms-win-core-util-l1-1-0.dll
0x000002a3c3a90000 - 0x000002a3c3a93000 	C:\Users\Ananiya\.openjfx\cache\15\api-ms-win-crt-conio-l1-1-0.dll
0x000002a3c3aa0000 - 0x000002a3c3aa4000 	C:\Users\Ananiya\.openjfx\cache\15\api-ms-win-crt-convert-l1-1-0.dll
0x000002a3c3ab0000 - 0x000002a3c3ab3000 	C:\Users\Ananiya\.openjfx\cache\15\api-ms-win-crt-environment-l1-1-0.dll
0x000002a3c3ac0000 - 0x000002a3c3ac3000 	C:\Users\Ananiya\.openjfx\cache\15\api-ms-win-crt-filesystem-l1-1-0.dll
0x000002a3c3ad0000 - 0x000002a3c3ad3000 	C:\Users\Ananiya\.openjfx\cache\15\api-ms-win-crt-heap-l1-1-0.dll
0x000002a3c3ae0000 - 0x000002a3c3ae3000 	C:\Users\Ananiya\.openjfx\cache\15\api-ms-win-crt-locale-l1-1-0.dll
0x000002a3c3af0000 - 0x000002a3c3af5000 	C:\Users\Ananiya\.openjfx\cache\15\api-ms-win-crt-math-l1-1-0.dll
0x000002a3c3b00000 - 0x000002a3c3b05000 	C:\Users\Ananiya\.openjfx\cache\15\api-ms-win-crt-multibyte-l1-1-0.dll
0x000002a3c3b10000 - 0x000002a3c3b20000 	C:\Users\Ananiya\.openjfx\cache\15\api-ms-win-crt-private-l1-1-0.dll
0x000002a3c3b20000 - 0x000002a3c3b23000 	C:\Users\Ananiya\.openjfx\cache\15\api-ms-win-crt-process-l1-1-0.dll
0x000002a3c3b30000 - 0x000002a3c3b34000 	C:\Users\Ananiya\.openjfx\cache\15\api-ms-win-crt-runtime-l1-1-0.dll
0x000002a3c3b40000 - 0x000002a3c3b44000 	C:\Users\Ananiya\.openjfx\cache\15\api-ms-win-crt-stdio-l1-1-0.dll
0x000002a3c3b50000 - 0x000002a3c3b54000 	C:\Users\Ananiya\.openjfx\cache\15\api-ms-win-crt-string-l1-1-0.dll
0x000002a3c3b60000 - 0x000002a3c3b63000 	C:\Users\Ananiya\.openjfx\cache\15\api-ms-win-crt-time-l1-1-0.dll
0x000002a3c3b70000 - 0x000002a3c3b73000 	C:\Users\Ananiya\.openjfx\cache\15\api-ms-win-crt-utility-l1-1-0.dll
0x00007ff928170000 - 0x00007ff92826c000 	C:\Users\Ananiya\.openjfx\cache\15\ucrtbase.dll
0x00007ff9631d0000 - 0x00007ff9631e5000 	C:\Users\Ananiya\.openjfx\cache\15\vcruntime140.dll
0x00007ff94fc20000 - 0x00007ff94fcbb000 	C:\Users\Ananiya\.openjfx\cache\15\msvcp140.dll
0x00007ff95a880000 - 0x00007ff95a8a3000 	C:\Users\Ananiya\.openjfx\cache\15\prism_d3d.dll
0x00007ff914e70000 - 0x00007ff915016000 	C:\WINDOWS\system32\d3d9.dll
0x00007ff914cc0000 - 0x00007ff914e62000 	C:\WINDOWS\System32\DriverStore\FileRepository\iigd_dch.inf_amd64_1dc9fc8d5e442f6a\igdumdim64.dll
0x00007ff9110b0000 - 0x00007ff914cc0000 	C:\WINDOWS\System32\DriverStore\FileRepository\iigd_dch.inf_amd64_1dc9fc8d5e442f6a\igd9dxva64.dll
0x00007ff97df20000 - 0x00007ff97e38c000 	C:\WINDOWS\System32\SETUPAPI.dll
0x00007ff97b630000 - 0x00007ff97b67c000 	C:\WINDOWS\SYSTEM32\cfgmgr32.dll
0x00007ff96bb50000 - 0x00007ff96bf17000 	C:\WINDOWS\System32\DriverStore\FileRepository\iigd_dch.inf_amd64_1dc9fc8d5e442f6a\igdgmm64.dll
0x00007ff9709d0000 - 0x00007ff970a14000 	C:\WINDOWS\SYSTEM32\directxdatabasehelper.dll
0x00007ff978f10000 - 0x00007ff978f44000 	C:\WINDOWS\SYSTEM32\ntmarta.dll
0x00007ff943330000 - 0x00007ff943375000 	C:\Users\Ananiya\.openjfx\cache\15\glass.dll
0x00007ff97de30000 - 0x00007ff97df1c000 	C:\WINDOWS\System32\COMDLG32.dll
0x00007ff95a570000 - 0x00007ff95a597000 	C:\WINDOWS\System32\DriverStore\FileRepository\iigd_dch.inf_amd64_1dc9fc8d5e442f6a\igdinfo64.dll
0x00007ff968540000 - 0x00007ff96baf2000 	C:\WINDOWS\System32\DriverStore\FileRepository\iigd_dch.inf_amd64_1dc9fc8d5e442f6a\igc64.dll
0x00007ff92e080000 - 0x00007ff92e105000 	C:\Program Files\jdk-15.0.2\bin\freetype.dll
0x00007ff92cb90000 - 0x00007ff92cc39000 	C:\Program Files\jdk-15.0.2\bin\fontmanager.dll
0x00007ff959ab0000 - 0x00007ff959ab7000 	C:\Program Files\jdk-15.0.2\bin\jawt.dll
0x00007ff978df0000 - 0x00007ff978ee3000 	C:\WINDOWS\SYSTEM32\Dxgi.dll
0x00007ff917260000 - 0x00007ff917282000 	C:\WINDOWS\SYSTEM32\D3D12.dll
0x00007ff9026f0000 - 0x00007ff9028f4000 	C:\WINDOWS\SYSTEM32\D3D12Core.dll
0x00007ff97b340000 - 0x00007ff97b367000 	C:\WINDOWS\SYSTEM32\bcrypt.dll
0x00007ff9160b0000 - 0x00007ff9160dd000 	C:\WINDOWS\SYSTEM32\D3DSCache.dll
0x00007ff97afd0000 - 0x00007ff97aff9000 	C:\WINDOWS\SYSTEM32\USERENV.dll
0x00007ff904010000 - 0x00007ff90885d000 	C:\WINDOWS\System32\DriverStore\FileRepository\iigd_dch.inf_amd64_1dc9fc8d5e442f6a\igd12dxva64.dll
0x00007ff96e270000 - 0x00007ff96e4d6000 	C:\WINDOWS\SYSTEM32\twinapi.appcore.dll
0x00007ff95de20000 - 0x00007ff95e07f000 	C:\WINDOWS\SYSTEM32\dwrite.dll
0x00007ff95f310000 - 0x00007ff95f320000 	C:\Program Files\jdk-15.0.2\bin\verify.dll
0x00007ff97b200000 - 0x00007ff97b218000 	C:\WINDOWS\SYSTEM32\CRYPTSP.dll
0x00007ff97aa70000 - 0x00007ff97aaa5000 	C:\WINDOWS\system32\rsaenh.dll
0x00007ff97b120000 - 0x00007ff97b12c000 	C:\WINDOWS\SYSTEM32\CRYPTBASE.dll

dbghelp: loaded successfully - version: 4.0.5 - missing functions: none
symbol engine: initialized successfully - sym options: 0x614 - pdb path: .;C:\Program Files\jdk-15.0.2\bin;C:\WINDOWS\SYSTEM32;C:\WINDOWS\WinSxS\amd64_microsoft.windows.common-controls_6595b64144ccf1df_6.0.22000.120_none_9d947278b86cc467;C:\Program Files\jdk-15.0.2\bin\server;C:\Users\Ananiya\.skiko\910c5adfbcd6cf51bf4c5a52ed8f9819cce19290cdf0426dcffb7f96500367e6;C:\Users\Ananiya\.openjfx\cache\15;C:\WINDOWS\System32\DriverStore\FileRepository\iigd_dch.inf_amd64_1dc9fc8d5e442f6a;C:\Users\Ananiya\AppData\Local\Temp\jna-800367031;C:\WINDOWS\system32\wbem;C:\ProgramData\Microsoft\Windows Defender\Platform\4.18.2207.7-0

VM Arguments:
jvm_args: -Dcompose.application.configure.swing.globals=true -Dcompose.application.resources.dir=C:\Users\Ananiya\IdeaProjects\ProjectProfiler\build\compose\tmp\main\resources -Dfile.encoding=windows-1252 -Duser.country=US -Duser.language=en -Duser.variant 
java_command: MainKt
java_class_path (initial): C:\Users\Ananiya\IdeaProjects\ProjectProfiler\build\libs\ProjectProfiler-1.1.jar;C:\Users\Ananiya\.gradle\caches\modules-2\files-2.1\org.jetbrains.compose.desktop\desktop-jvm\1.1.1\5ee1b0cb95662b9ec8e19c2d7f94b38673fdbe14\desktop-jvm-1.1.1.jar;C:\Users\Ananiya\.gradle\caches\modules-2\files-2.1\org.jetbrains.compose.material\material-desktop\1.1.1\9562f3d1265ac4485d96d6a42788cecf03a0f9fd\material-desktop-1.1.1.jar;C:\Users\Ananiya\.gradle\caches\modules-2\files-2.1\org.jetbrains.compose.material\material-ripple-desktop\1.1.1\ed5d636ff53e8a9bb478325b2870235d1f1a4251\material-ripple-desktop-1.1.1.jar;C:\Users\Ananiya\.gradle\caches\modules-2\files-2.1\org.jetbrains.compose.foundation\foundation-desktop\1.1.1\37301aed12391c2b359b7ae4628da760b0dae2c3\foundation-desktop-1.1.1.jar;C:\Users\Ananiya\.gradle\caches\modules-2\files-2.1\org.jetbrains.compose.animation\animation-desktop\1.1.1\183763d41b1e2ebca2f86418934fa7f1908d5b80\animation-desktop-1.1.1.jar;C:\Users\Ananiya\.gradle\caches\modules-2\files-2.1\org.jetbrains.compose.foundation\foundation-layout-desktop\1.1.1\491f6db7b259e08bef4635edb1edefb16054eb50\foundation-layout-desktop-1.1.1.jar;C:\Users\Ananiya\.gradle\caches\modules-2\files-2.1\org.jetbrains.compose.animation\animation-core-desktop\1.1.1\35cb8857d549cceabc442af169cd3205cbe14555\animation-core-desktop-1.1.1.jar;C:\Users\Ananiya\.gradle\caches\modules-2\files-2.1\org.jetbrains.compose.material\material-icons-core-desktop\1.1.1\cdf1ec28bd1eb52288e8b9c6c8fb6859b06ab394\material-icons-core-desktop-1.1.1.jar;C:\Users\Ananiya\.gradle\caches\modules-2\files-2.1\org.jetbrains.compose.ui\ui-desktop\1.1.1\9eb3f6e6f8d2635ce16318f0986b053f5f7cb95b\ui-desktop-1.1.1.jar;C:\Users\Ananiya\.gradle\caches\modules-2\files-2.1\org.jetbrains.compose.ui\ui-tooling-preview-desktop\1.1.1\b57e16cd7cca67c9aa0bfb85aba98e393c486771\ui-tooling-preview-desktop-1.1.1.jar;C:\Users\Ananiya\.gradle\caches\modules-2\files-2.1\org.jetbrains.compose.ui\ui-text-de
Launcher Type: SUN_STANDARD

[Global flags]
     intx CICompilerCount                          = 4                                         {product} {ergonomic}
     uint ConcGCThreads                            = 2                                         {product} {ergonomic}
     uint G1ConcRefinementThreads                  = 8                                         {product} {ergonomic}
   size_t G1HeapRegionSize                         = 1048576                                   {product} {ergonomic}
    uintx GCDrainStackTargetSize                   = 64                                        {product} {ergonomic}
   size_t InitialHeapSize                          = 125829120                                 {product} {ergonomic}
   size_t MarkStackSize                            = 4194304                                   {product} {ergonomic}
   size_t MaxHeapSize                              = 1981808640                                {product} {ergonomic}
   size_t MaxNewSize                               = 1189085184                                {product} {ergonomic}
   size_t MinHeapDeltaBytes                        = 1048576                                   {product} {ergonomic}
   size_t MinHeapSize                              = 8388608                                   {product} {ergonomic}
    uintx NonNMethodCodeHeapSize                   = 5839372                                {pd product} {ergonomic}
    uintx NonProfiledCodeHeapSize                  = 122909434                              {pd product} {ergonomic}
    uintx ProfiledCodeHeapSize                     = 122909434                              {pd product} {ergonomic}
    uintx ReservedCodeCacheSize                    = 251658240                              {pd product} {ergonomic}
     bool SegmentedCodeCache                       = true                                      {product} {ergonomic}
   size_t SoftMaxHeapSize                          = 1981808640                             {manageable} {ergonomic}
     bool UseCompressedClassPointers               = true                                 {lp64_product} {ergonomic}
     bool UseCompressedOops                        = true                                 {lp64_product} {ergonomic}
     bool UseG1GC                                  = true                                      {product} {ergonomic}
     bool UseLargePagesIndividualAllocation        = false                                  {pd product} {ergonomic}

Logging:
Log output configuration:
 #0: stdout all=warning uptime,level,tags
 #1: stderr all=off uptime,level,tags

Environment Variables:
JAVA_HOME=C:\Program Files\JetBrains\IntelliJ IDEA 2022.1\jbr
PATH=C:\Program Files\Python39\Scripts\;C:\Program Files\Python39\;C:\WINDOWS\system32;C:\WINDOWS;C:\WINDOWS\System32\Wbem;C:\WINDOWS\System32\WindowsPowerShell\v1.0\;C:\WINDOWS\System32\OpenSSH\;C:\Program Files\JetBrains\IntelliJ IDEA 2022.1\jbr\bin;C:\Program Files\nodejs\;C:\Program Files\Git\cmd;C:\Users\Ananiya\AppData\Local\Android\Sdk\platform-tools;C:\Program Files (x86)\Intel\Intel(R) Management Engine Components\DAL;C:\Program Files\Intel\Intel(R) Management Engine Components\DAL;C:\Program Files (x86)\Google\Cloud SDK\google-cloud-sdk\bin;C:\Users\Ananiya\scoop\shims;C:\Users\Ananiya\AppData\Local\Microsoft\WindowsApps;C:\Users\Ananiya\AppData\Local\Programs\Microsoft VS Code\bin;C:\Users\Ananiya\AppData\Roaming\npm;C:\Program Files\JetBrains\IntelliJ IDEA Community Edition 2021.1.1\bin;C:\Program Files\Git\cmd;C:\Users\Ananiya\AppData\Local\Programs\oh-my-posh\bin;C:\Users\Ananiya\AppData\Local\Programs\oh-my-posh\themes;C:\New folder;C:\Users\Ananiya\AppData\Local\Android\Sdk\ndk\21.0.6113669\toolchains\llvm\prebuilt\windows-x86_64\bin;C:\Users\Ananiya\AppData\Local\GitHubDesktop\bin;C:\Program Files\Google\Chrome Dev\Application\chrome.exe;C:\Users\Ananiya\AppData\Local\JetBrains\Toolbox\scripts;C:\Program Files\JetBrains\IntelliJ IDEA 2022.1\bin;;C:\Program Files\Python39\;C:\Program Files\Python39\Scripts\;c:\users\ananiya\appdata\roaming\python\python39\site-packages;c:\users\ananiya\appdata\roaming\python\python39\;C:\Users\Ananiya\AppData\Roaming\Python\Python39\Scripts;
USERNAME=Ananiya
OS=Windows_NT
PROCESSOR_IDENTIFIER=Intel64 Family 6 Model 142 Stepping 10, GenuineIntel



---------------  S Y S T E M  ---------------

OS:
 Windows 10 , 64 bit Build 22000 (10.0.22000.708)
OS uptime: 1 days 6:25 hours
HyperV virtualization detected

CPU: total 8 (initial active 8) (4 cores per cpu, 2 threads per core) family 6 model 142 stepping 10 microcode 0xf0, cmov, cx8, fxsr, mmx, sse, sse2, sse3, ssse3, sse4.1, sse4.2, popcnt, vzeroupper, avx, avx2, aes, clmul, erms, 3dnowpref, lzcnt, ht, tsc, tscinvbit, bmi1, bmi2, adx, fma, clflush, clflushopt

Memory: 4k page, system-wide physical 7555M (304M free)
TotalPageFile size 20867M (AvailPageFile size 5930M)
current process WorkingSet (physical memory assigned to process): 170M, peak: 170M
current process commit charge ("private bytes"): 214M, peak: 286M

vm_info: OpenJDK 64-Bit Server VM (15.0.2+7-27) for windows-amd64 JRE (15.0.2+7-27), built on Dec  7 2020 20:02:38 by "mach5one" with unknown MS VC++:1925

END.
